<?xml version="1.0" encoding="UTF-8" ?>
<testsuite errors="0" failures="1" hostname="Azeems-MacBook-Pro.local" name="CalculatorTest2" skipped="0" tests="1" time="5.06" timestamp="2017-09-24T10:27:16">
  <properties>
[...]
</properties>
  <testcase classname="CalculatorTest2" name="evaluatesExpression2" time="0.005">
    <failure message="expected:&lt;330&gt; but was:&lt;33&gt;" type="junit.framework.AssertionFailedError">junit.framework.AssertionFailedError: expected:&lt;330&gt; but was:&lt;33&gt;
	at CalculatorTest2.evaluatesExpression2(Unknown Source)
</failure>
  </testcase>
  <system-out><![CDATA[]]></system-out>
  <system-err><![CDATA[]]></system-err>
</testsuite>
