<?xml version="1.0" encoding="UTF-8" ?>
<testsuite errors="1" failures="0" hostname="Azeems-MacBook-Pro.local" name="CalculatorTest" skipped="0" tests="1" time="0.0" timestamp="2017-09-21T14:55:28">
  <properties>
[...]
</properties>
  <error message="CalculatorTest" type="java.lang.ClassNotFoundException">java.lang.ClassNotFoundException: CalculatorTest
	at java.lang.ClassLoader.loadClass(ClassLoader.java:357)
	at java.lang.Class.forName0(Native Method)
	at java.lang.Class.forName(Class.java:348)
</error>
  <system-out><![CDATA[]]></system-out>
  <system-err><![CDATA[]]></system-err>
</testsuite>
